note: verifying root module

assigning QID user_main__nl_basics__lemma_mul_properties_auto_1_0 to mariposa_data/uf/5735182439495464284/nlqi_verus/src/nl_basics.rs:27:3: 27:34 (#0) used at mariposa_data/uf/5735182439495464284/nlqi_verus/src/nl_basics.rs:26:2: 27:34 (#0)
assigning QID user_main__nl_basics__lemma_mul_properties_auto_1_1 to mariposa_data/uf/5735182439495464284/nlqi_verus/src/nl_basics.rs:29:3: 29:34 (#0) used at mariposa_data/uf/5735182439495464284/nlqi_verus/src/nl_basics.rs:28:2: 29:34 (#0)
assigning QID user_main__nl_basics__lemma_mul_properties_auto_1_2 to mariposa_data/uf/5735182439495464284/nlqi_verus/src/nl_basics.rs:31:3: 31:56 (#0) used at mariposa_data/uf/5735182439495464284/nlqi_verus/src/nl_basics.rs:30:2: 31:56 (#0)
assigning QID user_main__nl_basics__lemma_mul_properties_auto_1_3 to mariposa_data/uf/5735182439495464284/nlqi_verus/src/nl_basics.rs:33:3: 33:67 (#0) used at mariposa_data/uf/5735182439495464284/nlqi_verus/src/nl_basics.rs:32:2: 33:67 (#0)
assigning QID user_main__nl_basics__lemma_mul_properties_auto_1_4 to mariposa_data/uf/5735182439495464284/nlqi_verus/src/nl_basics.rs:35:3: 35:67 (#0) used at mariposa_data/uf/5735182439495464284/nlqi_verus/src/nl_basics.rs:34:2: 35:67 (#0)
assigning QID user_main__nl_basics__lemma_mul_properties_auto_1_5 to mariposa_data/uf/5735182439495464284/nlqi_verus/src/nl_basics.rs:37:3: 37:67 (#0) used at mariposa_data/uf/5735182439495464284/nlqi_verus/src/nl_basics.rs:36:2: 37:67 (#0)
assigning QID user_main__nl_basics__lemma_mul_properties_auto_1_6 to mariposa_data/uf/5735182439495464284/nlqi_verus/src/nl_basics.rs:39:3: 39:67 (#0) used at mariposa_data/uf/5735182439495464284/nlqi_verus/src/nl_basics.rs:38:2: 39:67 (#0)
assigning QID user_main__nl_basics__lemma_mul_properties_auto_1_7 to mariposa_data/uf/5735182439495464284/nlqi_verus/src/nl_basics.rs:41:3: 41:89 (#0) used at mariposa_data/uf/5735182439495464284/nlqi_verus/src/nl_basics.rs:40:2: 41:89 (#0)
assigning QID user_main__nl_basics__lemma_mul_properties_auto_1_8 to mariposa_data/uf/5735182439495464284/nlqi_verus/src/nl_basics.rs:43:3: 43:78 (#0) used at mariposa_data/uf/5735182439495464284/nlqi_verus/src/nl_basics.rs:42:2: 43:78 (#0)
assigning QID user_main__nl_basics__lemma_mul_properties_auto_1_9 to mariposa_data/uf/5735182439495464284/nlqi_verus/src/nl_basics.rs:45:3: 45:78 (#0) used at mariposa_data/uf/5735182439495464284/nlqi_verus/src/nl_basics.rs:44:2: 45:78 (#0)
assigning QID user_main__nl_basics__lemma_mul_properties_auto_1_10 to mariposa_data/uf/5735182439495464284/nlqi_verus/src/nl_basics.rs:47:3: 47:56 (#0) used at mariposa_data/uf/5735182439495464284/nlqi_verus/src/nl_basics.rs:46:2: 47:56 (#0)
assigning QID user_main__nl_basics__lemma_mul_properties_auto_1_11 to mariposa_data/uf/5735182439495464284/nlqi_verus/src/nl_basics.rs:49:3: 49:56 (#0) used at mariposa_data/uf/5735182439495464284/nlqi_verus/src/nl_basics.rs:48:2: 49:56 (#0)
assigning QID user_main__nl_basics__lemma_mul_properties_auto_1_12 to mariposa_data/uf/5735182439495464284/nlqi_verus/src/nl_basics.rs:51:3: 51:56 (#0) used at mariposa_data/uf/5735182439495464284/nlqi_verus/src/nl_basics.rs:50:2: 51:56 (#0)
assigning QID user_main__nl_basics__lemma_mul_properties_auto_1_13 to mariposa_data/uf/5735182439495464284/nlqi_verus/src/nl_basics.rs:53:3: 53:78 (#0) used at mariposa_data/uf/5735182439495464284/nlqi_verus/src/nl_basics.rs:52:2: 53:78 (#0)
assigning QID user_main__nl_basics__lemma_mul_properties_auto_1_14 to mariposa_data/uf/5735182439495464284/nlqi_verus/src/nl_basics.rs:55:3: 55:67 (#0) used at mariposa_data/uf/5735182439495464284/nlqi_verus/src/nl_basics.rs:54:2: 55:67 (#0)
assigning QID user_main__nl_basics__lemma_mul_properties_auto_1_15 to mariposa_data/uf/5735182439495464284/nlqi_verus/src/nl_basics.rs:57:3: 57:67 (#0) used at mariposa_data/uf/5735182439495464284/nlqi_verus/src/nl_basics.rs:56:2: 57:67 (#0)
assigning QID user_main__nl_basics__lemma_mul_properties_auto_1_16 to mariposa_data/uf/5735182439495464284/nlqi_verus/src/nl_basics.rs:59:3: 59:78 (#0) used at mariposa_data/uf/5735182439495464284/nlqi_verus/src/nl_basics.rs:58:2: 59:78 (#0)
assigning QID user_main__nl_basics__lemma_mul_properties_auto_1_17 to mariposa_data/uf/5735182439495464284/nlqi_verus/src/nl_basics.rs:61:3: 61:67 (#0) used at mariposa_data/uf/5735182439495464284/nlqi_verus/src/nl_basics.rs:60:2: 61:67 (#0)
assigning QID user_main__nl_basics__lemma_mul_properties_auto_1_18 to mariposa_data/uf/5735182439495464284/nlqi_verus/src/nl_basics.rs:63:3: 63:67 (#0) used at mariposa_data/uf/5735182439495464284/nlqi_verus/src/nl_basics.rs:62:2: 63:67 (#0)
assigning QID user_main__nl_basics__lemma_mul_properties_auto_1_19 to mariposa_data/uf/5735182439495464284/nlqi_verus/src/nl_basics.rs:65:3: 65:12 (#0) used at mariposa_data/uf/5735182439495464284/nlqi_verus/src/nl_basics.rs:64:2: 65:12 (#0)
assigning QID user_main__nl_basics__lemma_mul_properties_auto_1_20 to mariposa_data/uf/5735182439495464284/nlqi_verus/src/nl_basics.rs:67:3: 67:30 (#0) used at mariposa_data/uf/5735182439495464284/nlqi_verus/src/nl_basics.rs:66:2: 67:30 (#0)
assigning QID user_main__nl_basics__lemma_mul_properties_auto_1_21 to mariposa_data/uf/5735182439495464284/nlqi_verus/src/nl_basics.rs:69:3: 69:43 (#0) used at mariposa_data/uf/5735182439495464284/nlqi_verus/src/nl_basics.rs:68:2: 69:43 (#0)
assigning QID user_main__nl_basics__lemma_mul_properties_auto_1_22 to mariposa_data/uf/5735182439495464284/nlqi_verus/src/nl_basics.rs:71:3: 71:69 (#0) used at mariposa_data/uf/5735182439495464284/nlqi_verus/src/nl_basics.rs:70:2: 71:69 (#0)
assigning QID user_main__nl_basics__lemma_mul_properties_auto_1_23 to mariposa_data/uf/5735182439495464284/nlqi_verus/src/nl_basics.rs:73:3: 73:69 (#0) used at mariposa_data/uf/5735182439495464284/nlqi_verus/src/nl_basics.rs:72:2: 73:69 (#0)
assigning QID user_main__nl_basics__lemma_mul_properties_auto_1_24 to mariposa_data/uf/5735182439495464284/nlqi_verus/src/nl_basics.rs:75:3: 75:69 (#0) used at mariposa_data/uf/5735182439495464284/nlqi_verus/src/nl_basics.rs:74:2: 75:69 (#0)
assigning QID user_main__nl_basics__lemma_mul_properties_auto_1_25 to mariposa_data/uf/5735182439495464284/nlqi_verus/src/nl_basics.rs:77:3: 77:69 (#0) used at mariposa_data/uf/5735182439495464284/nlqi_verus/src/nl_basics.rs:76:2: 77:69 (#0)
assigning QID inst_main__free_0_26 to mariposa_data/uf/5735182439495464284/nlqi_verus/src/nl_basics.rs:27:3: 27:34 (#0) used at mariposa_data/uf/5735182439495464284/nlqi_verus/src/nl_basics.rs:26:2: 27:34 (#0)
assigning QID inst_main__free_0_27 to mariposa_data/uf/5735182439495464284/nlqi_verus/src/nl_basics.rs:29:3: 29:34 (#0) used at mariposa_data/uf/5735182439495464284/nlqi_verus/src/nl_basics.rs:28:2: 29:34 (#0)
assigning QID inst_main__free_0_28 to mariposa_data/uf/5735182439495464284/nlqi_verus/src/nl_basics.rs:31:3: 31:56 (#0) used at mariposa_data/uf/5735182439495464284/nlqi_verus/src/nl_basics.rs:30:2: 31:56 (#0)
assigning QID inst_main__free_0_29 to mariposa_data/uf/5735182439495464284/nlqi_verus/src/nl_basics.rs:33:3: 33:67 (#0) used at mariposa_data/uf/5735182439495464284/nlqi_verus/src/nl_basics.rs:32:2: 33:67 (#0)
assigning QID inst_main__free_0_30 to mariposa_data/uf/5735182439495464284/nlqi_verus/src/nl_basics.rs:35:3: 35:67 (#0) used at mariposa_data/uf/5735182439495464284/nlqi_verus/src/nl_basics.rs:34:2: 35:67 (#0)
assigning QID inst_main__free_0_31 to mariposa_data/uf/5735182439495464284/nlqi_verus/src/nl_basics.rs:37:3: 37:67 (#0) used at mariposa_data/uf/5735182439495464284/nlqi_verus/src/nl_basics.rs:36:2: 37:67 (#0)
assigning QID inst_main__free_0_32 to mariposa_data/uf/5735182439495464284/nlqi_verus/src/nl_basics.rs:39:3: 39:67 (#0) used at mariposa_data/uf/5735182439495464284/nlqi_verus/src/nl_basics.rs:38:2: 39:67 (#0)
assigning QID inst_main__free_0_33 to mariposa_data/uf/5735182439495464284/nlqi_verus/src/nl_basics.rs:41:3: 41:89 (#0) used at mariposa_data/uf/5735182439495464284/nlqi_verus/src/nl_basics.rs:40:2: 41:89 (#0)
assigning QID inst_main__free_0_34 to mariposa_data/uf/5735182439495464284/nlqi_verus/src/nl_basics.rs:43:3: 43:78 (#0) used at mariposa_data/uf/5735182439495464284/nlqi_verus/src/nl_basics.rs:42:2: 43:78 (#0)
assigning QID inst_main__free_0_35 to mariposa_data/uf/5735182439495464284/nlqi_verus/src/nl_basics.rs:45:3: 45:78 (#0) used at mariposa_data/uf/5735182439495464284/nlqi_verus/src/nl_basics.rs:44:2: 45:78 (#0)
assigning QID inst_main__free_0_36 to mariposa_data/uf/5735182439495464284/nlqi_verus/src/nl_basics.rs:47:3: 47:56 (#0) used at mariposa_data/uf/5735182439495464284/nlqi_verus/src/nl_basics.rs:46:2: 47:56 (#0)
assigning QID inst_main__free_0_37 to mariposa_data/uf/5735182439495464284/nlqi_verus/src/nl_basics.rs:49:3: 49:56 (#0) used at mariposa_data/uf/5735182439495464284/nlqi_verus/src/nl_basics.rs:48:2: 49:56 (#0)
assigning QID inst_main__free_0_38 to mariposa_data/uf/5735182439495464284/nlqi_verus/src/nl_basics.rs:51:3: 51:56 (#0) used at mariposa_data/uf/5735182439495464284/nlqi_verus/src/nl_basics.rs:50:2: 51:56 (#0)
assigning QID inst_main__free_0_39 to mariposa_data/uf/5735182439495464284/nlqi_verus/src/nl_basics.rs:53:3: 53:78 (#0) used at mariposa_data/uf/5735182439495464284/nlqi_verus/src/nl_basics.rs:52:2: 53:78 (#0)
assigning QID inst_main__free_0_40 to mariposa_data/uf/5735182439495464284/nlqi_verus/src/nl_basics.rs:55:3: 55:67 (#0) used at mariposa_data/uf/5735182439495464284/nlqi_verus/src/nl_basics.rs:54:2: 55:67 (#0)
assigning QID inst_main__free_0_41 to mariposa_data/uf/5735182439495464284/nlqi_verus/src/nl_basics.rs:57:3: 57:67 (#0) used at mariposa_data/uf/5735182439495464284/nlqi_verus/src/nl_basics.rs:56:2: 57:67 (#0)
assigning QID inst_main__free_0_42 to mariposa_data/uf/5735182439495464284/nlqi_verus/src/nl_basics.rs:59:3: 59:78 (#0) used at mariposa_data/uf/5735182439495464284/nlqi_verus/src/nl_basics.rs:58:2: 59:78 (#0)
assigning QID inst_main__free_0_43 to mariposa_data/uf/5735182439495464284/nlqi_verus/src/nl_basics.rs:61:3: 61:67 (#0) used at mariposa_data/uf/5735182439495464284/nlqi_verus/src/nl_basics.rs:60:2: 61:67 (#0)
assigning QID inst_main__free_0_44 to mariposa_data/uf/5735182439495464284/nlqi_verus/src/nl_basics.rs:63:3: 63:67 (#0) used at mariposa_data/uf/5735182439495464284/nlqi_verus/src/nl_basics.rs:62:2: 63:67 (#0)
assigning QID inst_main__free_0_45 to mariposa_data/uf/5735182439495464284/nlqi_verus/src/nl_basics.rs:65:3: 65:12 (#0) used at mariposa_data/uf/5735182439495464284/nlqi_verus/src/nl_basics.rs:64:2: 65:12 (#0)
assigning QID inst_main__free_0_46 to mariposa_data/uf/5735182439495464284/nlqi_verus/src/nl_basics.rs:67:3: 67:30 (#0) used at mariposa_data/uf/5735182439495464284/nlqi_verus/src/nl_basics.rs:66:2: 67:30 (#0)
assigning QID inst_main__free_0_47 to mariposa_data/uf/5735182439495464284/nlqi_verus/src/nl_basics.rs:69:3: 69:43 (#0) used at mariposa_data/uf/5735182439495464284/nlqi_verus/src/nl_basics.rs:68:2: 69:43 (#0)
assigning QID inst_main__free_0_48 to mariposa_data/uf/5735182439495464284/nlqi_verus/src/nl_basics.rs:71:3: 71:69 (#0) used at mariposa_data/uf/5735182439495464284/nlqi_verus/src/nl_basics.rs:70:2: 71:69 (#0)
assigning QID inst_main__free_0_49 to mariposa_data/uf/5735182439495464284/nlqi_verus/src/nl_basics.rs:73:3: 73:69 (#0) used at mariposa_data/uf/5735182439495464284/nlqi_verus/src/nl_basics.rs:72:2: 73:69 (#0)
assigning QID inst_main__free_0_50 to mariposa_data/uf/5735182439495464284/nlqi_verus/src/nl_basics.rs:75:3: 75:69 (#0) used at mariposa_data/uf/5735182439495464284/nlqi_verus/src/nl_basics.rs:74:2: 75:69 (#0)
assigning QID inst_main__free_0_51 to mariposa_data/uf/5735182439495464284/nlqi_verus/src/nl_basics.rs:77:3: 77:69 (#0) used at mariposa_data/uf/5735182439495464284/nlqi_verus/src/nl_basics.rs:76:2: 77:69 (#0)

main query finished
parsing prover trace for function PathX { krate: Some("main"), segments: ["free_0"] }
